CRITICAL - 2024-07-13 03:24:08 --> CodeIgniter\View\Exceptions\ViewException: Invalid file: "themes/onebook/errors/html/error_404.php"
[Method: GET, Route: contact]
in SYSTEMPATH\Exceptions\FrameworkException.php on line 41.
 1 SYSTEMPATH\View\View.php(222): CodeIgniter\Exceptions\FrameworkException::forInvalidFile('themes/onebook/errors/html/error_404.php')
 2 SYSTEMPATH\Common.php(1171): CodeIgniter\View\View->render('themes/onebook/errors/html/error_404', [], true)
 3 APPPATH\Common.php(91): view('themes/onebook/errors/html/error_404')
 4 APPPATH\Controllers\Web\Home.php(40): themeView('errors/html/error_404')
 5 APPPATH\Controllers\Web\Home.php(25): App\Controllers\Web\Home->error404()
 6 SYSTEMPATH\CodeIgniter.php(933): App\Controllers\Web\Home->contact()
 7 SYSTEMPATH\CodeIgniter.php(509): CodeIgniter\CodeIgniter->runController(Object(App\Controllers\Web\Home))
 8 SYSTEMPATH\CodeIgniter.php(355): CodeIgniter\CodeIgniter->handleRequest(null, Object(Config\Cache), false)
 9 SYSTEMPATH\Boot.php(325): CodeIgniter\CodeIgniter->run()
10 SYSTEMPATH\Boot.php(67): CodeIgniter\Boot::runCodeIgniter(Object(CodeIgniter\CodeIgniter))
11 FCPATH\index.php(56): CodeIgniter\Boot::bootWeb(Object(Config\Paths))
CRITICAL - 2024-07-13 03:24:42 --> CodeIgniter\View\Exceptions\ViewException: Invalid file: "themes/onebook/errors/html/error_404.php"
[Method: GET, Route: contact]
in SYSTEMPATH\Exceptions\FrameworkException.php on line 41.
 1 SYSTEMPATH\View\View.php(222): CodeIgniter\Exceptions\FrameworkException::forInvalidFile('themes/onebook/errors/html/error_404.php')
 2 SYSTEMPATH\Common.php(1171): CodeIgniter\View\View->render('themes/onebook/errors/html/error_404', [], true)
 3 APPPATH\Common.php(91): view('themes/onebook/errors/html/error_404')
 4 APPPATH\Controllers\Web\Home.php(40): themeView('errors/html/error_404')
 5 APPPATH\Controllers\Web\Home.php(25): App\Controllers\Web\Home->error404()
 6 SYSTEMPATH\CodeIgniter.php(933): App\Controllers\Web\Home->contact()
 7 SYSTEMPATH\CodeIgniter.php(509): CodeIgniter\CodeIgniter->runController(Object(App\Controllers\Web\Home))
 8 SYSTEMPATH\CodeIgniter.php(355): CodeIgniter\CodeIgniter->handleRequest(null, Object(Config\Cache), false)
 9 SYSTEMPATH\Boot.php(325): CodeIgniter\CodeIgniter->run()
10 SYSTEMPATH\Boot.php(67): CodeIgniter\Boot::runCodeIgniter(Object(CodeIgniter\CodeIgniter))
11 FCPATH\index.php(56): CodeIgniter\Boot::bootWeb(Object(Config\Paths))
CRITICAL - 2024-07-13 03:24:43 --> CodeIgniter\View\Exceptions\ViewException: Invalid file: "themes/onebook/errors/html/error_404.php"
[Method: GET, Route: contact]
in SYSTEMPATH\Exceptions\FrameworkException.php on line 41.
 1 SYSTEMPATH\View\View.php(222): CodeIgniter\Exceptions\FrameworkException::forInvalidFile('themes/onebook/errors/html/error_404.php')
 2 SYSTEMPATH\Common.php(1171): CodeIgniter\View\View->render('themes/onebook/errors/html/error_404', [], true)
 3 APPPATH\Common.php(91): view('themes/onebook/errors/html/error_404')
 4 APPPATH\Controllers\Web\Home.php(40): themeView('errors/html/error_404')
 5 APPPATH\Controllers\Web\Home.php(25): App\Controllers\Web\Home->error404()
 6 SYSTEMPATH\CodeIgniter.php(933): App\Controllers\Web\Home->contact()
 7 SYSTEMPATH\CodeIgniter.php(509): CodeIgniter\CodeIgniter->runController(Object(App\Controllers\Web\Home))
 8 SYSTEMPATH\CodeIgniter.php(355): CodeIgniter\CodeIgniter->handleRequest(null, Object(Config\Cache), false)
 9 SYSTEMPATH\Boot.php(325): CodeIgniter\CodeIgniter->run()
10 SYSTEMPATH\Boot.php(67): CodeIgniter\Boot::runCodeIgniter(Object(CodeIgniter\CodeIgniter))
11 FCPATH\index.php(56): CodeIgniter\Boot::bootWeb(Object(Config\Paths))
CRITICAL - 2024-07-13 03:26:14 --> TypeError: App\Controllers\Web\Home::contact(): Return value must be of type string, none returned
[Method: GET, Route: contact]
in APPPATH\Controllers\Web\Home.php on line 26.
 1 SYSTEMPATH\CodeIgniter.php(933): App\Controllers\Web\Home->contact()
 2 SYSTEMPATH\CodeIgniter.php(509): CodeIgniter\CodeIgniter->runController(Object(App\Controllers\Web\Home))
 3 SYSTEMPATH\CodeIgniter.php(355): CodeIgniter\CodeIgniter->handleRequest(null, Object(Config\Cache), false)
 4 SYSTEMPATH\Boot.php(325): CodeIgniter\CodeIgniter->run()
 5 SYSTEMPATH\Boot.php(67): CodeIgniter\Boot::runCodeIgniter(Object(CodeIgniter\CodeIgniter))
 6 FCPATH\index.php(56): CodeIgniter\Boot::bootWeb(Object(Config\Paths))
CRITICAL - 2024-07-13 03:26:14 --> TypeError: App\Controllers\Web\Home::contact(): Return value must be of type string, none returned
[Method: GET, Route: contact]
in APPPATH\Controllers\Web\Home.php on line 26.
 1 SYSTEMPATH\CodeIgniter.php(933): App\Controllers\Web\Home->contact()
 2 SYSTEMPATH\CodeIgniter.php(509): CodeIgniter\CodeIgniter->runController(Object(App\Controllers\Web\Home))
 3 SYSTEMPATH\CodeIgniter.php(355): CodeIgniter\CodeIgniter->handleRequest(null, Object(Config\Cache), false)
 4 SYSTEMPATH\Boot.php(325): CodeIgniter\CodeIgniter->run()
 5 SYSTEMPATH\Boot.php(67): CodeIgniter\Boot::runCodeIgniter(Object(CodeIgniter\CodeIgniter))
 6 FCPATH\index.php(56): CodeIgniter\Boot::bootWeb(Object(Config\Paths))
CRITICAL - 2024-07-13 03:26:14 --> TypeError: App\Controllers\Web\Home::contact(): Return value must be of type string, none returned
[Method: GET, Route: contact]
in APPPATH\Controllers\Web\Home.php on line 26.
 1 SYSTEMPATH\CodeIgniter.php(933): App\Controllers\Web\Home->contact()
 2 SYSTEMPATH\CodeIgniter.php(509): CodeIgniter\CodeIgniter->runController(Object(App\Controllers\Web\Home))
 3 SYSTEMPATH\CodeIgniter.php(355): CodeIgniter\CodeIgniter->handleRequest(null, Object(Config\Cache), false)
 4 SYSTEMPATH\Boot.php(325): CodeIgniter\CodeIgniter->run()
 5 SYSTEMPATH\Boot.php(67): CodeIgniter\Boot::runCodeIgniter(Object(CodeIgniter\CodeIgniter))
 6 FCPATH\index.php(56): CodeIgniter\Boot::bootWeb(Object(Config\Paths))
CRITICAL - 2024-07-13 03:26:15 --> TypeError: App\Controllers\Web\Home::contact(): Return value must be of type string, none returned
[Method: GET, Route: contact]
in APPPATH\Controllers\Web\Home.php on line 26.
 1 SYSTEMPATH\CodeIgniter.php(933): App\Controllers\Web\Home->contact()
 2 SYSTEMPATH\CodeIgniter.php(509): CodeIgniter\CodeIgniter->runController(Object(App\Controllers\Web\Home))
 3 SYSTEMPATH\CodeIgniter.php(355): CodeIgniter\CodeIgniter->handleRequest(null, Object(Config\Cache), false)
 4 SYSTEMPATH\Boot.php(325): CodeIgniter\CodeIgniter->run()
 5 SYSTEMPATH\Boot.php(67): CodeIgniter\Boot::runCodeIgniter(Object(CodeIgniter\CodeIgniter))
 6 FCPATH\index.php(56): CodeIgniter\Boot::bootWeb(Object(Config\Paths))
CRITICAL - 2024-07-13 03:26:15 --> TypeError: App\Controllers\Web\Home::contact(): Return value must be of type string, none returned
[Method: GET, Route: contact]
in APPPATH\Controllers\Web\Home.php on line 26.
 1 SYSTEMPATH\CodeIgniter.php(933): App\Controllers\Web\Home->contact()
 2 SYSTEMPATH\CodeIgniter.php(509): CodeIgniter\CodeIgniter->runController(Object(App\Controllers\Web\Home))
 3 SYSTEMPATH\CodeIgniter.php(355): CodeIgniter\CodeIgniter->handleRequest(null, Object(Config\Cache), false)
 4 SYSTEMPATH\Boot.php(325): CodeIgniter\CodeIgniter->run()
 5 SYSTEMPATH\Boot.php(67): CodeIgniter\Boot::runCodeIgniter(Object(CodeIgniter\CodeIgniter))
 6 FCPATH\index.php(56): CodeIgniter\Boot::bootWeb(Object(Config\Paths))
CRITICAL - 2024-07-13 03:26:15 --> TypeError: App\Controllers\Web\Home::contact(): Return value must be of type string, none returned
[Method: GET, Route: contact]
in APPPATH\Controllers\Web\Home.php on line 26.
 1 SYSTEMPATH\CodeIgniter.php(933): App\Controllers\Web\Home->contact()
 2 SYSTEMPATH\CodeIgniter.php(509): CodeIgniter\CodeIgniter->runController(Object(App\Controllers\Web\Home))
 3 SYSTEMPATH\CodeIgniter.php(355): CodeIgniter\CodeIgniter->handleRequest(null, Object(Config\Cache), false)
 4 SYSTEMPATH\Boot.php(325): CodeIgniter\CodeIgniter->run()
 5 SYSTEMPATH\Boot.php(67): CodeIgniter\Boot::runCodeIgniter(Object(CodeIgniter\CodeIgniter))
 6 FCPATH\index.php(56): CodeIgniter\Boot::bootWeb(Object(Config\Paths))
CRITICAL - 2024-07-13 03:26:16 --> TypeError: App\Controllers\Web\Home::contact(): Return value must be of type string, none returned
[Method: GET, Route: contact]
in APPPATH\Controllers\Web\Home.php on line 26.
 1 SYSTEMPATH\CodeIgniter.php(933): App\Controllers\Web\Home->contact()
 2 SYSTEMPATH\CodeIgniter.php(509): CodeIgniter\CodeIgniter->runController(Object(App\Controllers\Web\Home))
 3 SYSTEMPATH\CodeIgniter.php(355): CodeIgniter\CodeIgniter->handleRequest(null, Object(Config\Cache), false)
 4 SYSTEMPATH\Boot.php(325): CodeIgniter\CodeIgniter->run()
 5 SYSTEMPATH\Boot.php(67): CodeIgniter\Boot::runCodeIgniter(Object(CodeIgniter\CodeIgniter))
 6 FCPATH\index.php(56): CodeIgniter\Boot::bootWeb(Object(Config\Paths))
CRITICAL - 2024-07-13 03:26:18 --> TypeError: App\Controllers\Web\Home::contact(): Return value must be of type string, none returned
[Method: GET, Route: contact]
in APPPATH\Controllers\Web\Home.php on line 26.
 1 SYSTEMPATH\CodeIgniter.php(933): App\Controllers\Web\Home->contact()
 2 SYSTEMPATH\CodeIgniter.php(509): CodeIgniter\CodeIgniter->runController(Object(App\Controllers\Web\Home))
 3 SYSTEMPATH\CodeIgniter.php(355): CodeIgniter\CodeIgniter->handleRequest(null, Object(Config\Cache), false)
 4 SYSTEMPATH\Boot.php(325): CodeIgniter\CodeIgniter->run()
 5 SYSTEMPATH\Boot.php(67): CodeIgniter\Boot::runCodeIgniter(Object(CodeIgniter\CodeIgniter))
 6 FCPATH\index.php(56): CodeIgniter\Boot::bootWeb(Object(Config\Paths))
CRITICAL - 2024-07-13 03:26:21 --> TypeError: App\Controllers\Web\Home::contact(): Return value must be of type string, none returned
[Method: GET, Route: contact]
in APPPATH\Controllers\Web\Home.php on line 26.
 1 SYSTEMPATH\CodeIgniter.php(933): App\Controllers\Web\Home->contact()
 2 SYSTEMPATH\CodeIgniter.php(509): CodeIgniter\CodeIgniter->runController(Object(App\Controllers\Web\Home))
 3 SYSTEMPATH\CodeIgniter.php(355): CodeIgniter\CodeIgniter->handleRequest(null, Object(Config\Cache), false)
 4 SYSTEMPATH\Boot.php(325): CodeIgniter\CodeIgniter->run()
 5 SYSTEMPATH\Boot.php(67): CodeIgniter\Boot::runCodeIgniter(Object(CodeIgniter\CodeIgniter))
 6 FCPATH\index.php(56): CodeIgniter\Boot::bootWeb(Object(Config\Paths))
CRITICAL - 2024-07-13 03:26:34 --> TypeError: App\Controllers\Web\Home::contact(): Return value must be of type string, none returned
[Method: GET, Route: contact]
in APPPATH\Controllers\Web\Home.php on line 26.
 1 SYSTEMPATH\CodeIgniter.php(933): App\Controllers\Web\Home->contact()
 2 SYSTEMPATH\CodeIgniter.php(509): CodeIgniter\CodeIgniter->runController(Object(App\Controllers\Web\Home))
 3 SYSTEMPATH\CodeIgniter.php(355): CodeIgniter\CodeIgniter->handleRequest(null, Object(Config\Cache), false)
 4 SYSTEMPATH\Boot.php(325): CodeIgniter\CodeIgniter->run()
 5 SYSTEMPATH\Boot.php(67): CodeIgniter\Boot::runCodeIgniter(Object(CodeIgniter\CodeIgniter))
 6 FCPATH\index.php(56): CodeIgniter\Boot::bootWeb(Object(Config\Paths))
CRITICAL - 2024-07-13 03:26:35 --> TypeError: App\Controllers\Web\Home::contact(): Return value must be of type string, none returned
[Method: GET, Route: contact]
in APPPATH\Controllers\Web\Home.php on line 26.
 1 SYSTEMPATH\CodeIgniter.php(933): App\Controllers\Web\Home->contact()
 2 SYSTEMPATH\CodeIgniter.php(509): CodeIgniter\CodeIgniter->runController(Object(App\Controllers\Web\Home))
 3 SYSTEMPATH\CodeIgniter.php(355): CodeIgniter\CodeIgniter->handleRequest(null, Object(Config\Cache), false)
 4 SYSTEMPATH\Boot.php(325): CodeIgniter\CodeIgniter->run()
 5 SYSTEMPATH\Boot.php(67): CodeIgniter\Boot::runCodeIgniter(Object(CodeIgniter\CodeIgniter))
 6 FCPATH\index.php(56): CodeIgniter\Boot::bootWeb(Object(Config\Paths))
CRITICAL - 2024-07-13 03:28:53 --> TypeError: App\Controllers\Web\Home::contact(): Return value must be of type string, none returned
[Method: GET, Route: contact]
in APPPATH\Controllers\Web\Home.php on line 27.
 1 SYSTEMPATH\CodeIgniter.php(933): App\Controllers\Web\Home->contact()
 2 SYSTEMPATH\CodeIgniter.php(509): CodeIgniter\CodeIgniter->runController(Object(App\Controllers\Web\Home))
 3 SYSTEMPATH\CodeIgniter.php(355): CodeIgniter\CodeIgniter->handleRequest(null, Object(Config\Cache), false)
 4 SYSTEMPATH\Boot.php(325): CodeIgniter\CodeIgniter->run()
 5 SYSTEMPATH\Boot.php(67): CodeIgniter\Boot::runCodeIgniter(Object(CodeIgniter\CodeIgniter))
 6 FCPATH\index.php(56): CodeIgniter\Boot::bootWeb(Object(Config\Paths))
CRITICAL - 2024-07-13 03:29:25 --> TypeError: App\Controllers\Web\Home::contact(): Return value must be of type string, none returned
[Method: GET, Route: contact]
in APPPATH\Controllers\Web\Home.php on line 27.
 1 SYSTEMPATH\CodeIgniter.php(933): App\Controllers\Web\Home->contact()
 2 SYSTEMPATH\CodeIgniter.php(509): CodeIgniter\CodeIgniter->runController(Object(App\Controllers\Web\Home))
 3 SYSTEMPATH\CodeIgniter.php(355): CodeIgniter\CodeIgniter->handleRequest(null, Object(Config\Cache), false)
 4 SYSTEMPATH\Boot.php(325): CodeIgniter\CodeIgniter->run()
 5 SYSTEMPATH\Boot.php(67): CodeIgniter\Boot::runCodeIgniter(Object(CodeIgniter\CodeIgniter))
 6 FCPATH\index.php(56): CodeIgniter\Boot::bootWeb(Object(Config\Paths))
CRITICAL - 2024-07-13 10:13:52 --> Error: Call to undefined function isAdminNavActive()
[Method: GET, Route: admin]
in APPPATH\Views\admin\index.php on line 147.
 1 SYSTEMPATH\View\View.php(234): include()
 2 SYSTEMPATH\View\View.php(237): CodeIgniter\View\View->CodeIgniter\View\{closure}()
 3 SYSTEMPATH\Common.php(1171): CodeIgniter\View\View->render('admin/index', [], true)
 4 APPPATH\Controllers\Admin\Admin.php(11): view('admin/index')
 5 SYSTEMPATH\CodeIgniter.php(933): App\Controllers\Admin\Admin->index()
 6 SYSTEMPATH\CodeIgniter.php(509): CodeIgniter\CodeIgniter->runController(Object(App\Controllers\Admin\Admin))
 7 SYSTEMPATH\CodeIgniter.php(355): CodeIgniter\CodeIgniter->handleRequest(null, Object(Config\Cache), false)
 8 SYSTEMPATH\Boot.php(325): CodeIgniter\CodeIgniter->run()
 9 SYSTEMPATH\Boot.php(67): CodeIgniter\Boot::runCodeIgniter(Object(CodeIgniter\CodeIgniter))
10 FCPATH\index.php(56): CodeIgniter\Boot::bootWeb(Object(Config\Paths))
CRITICAL - 2024-07-13 11:15:26 --> ErrorException: Attempt to read property "admin" on string
[Method: GET, Route: /]
in APPPATH\Config\Routes.php on line 11.
 1 APPPATH\Config\Routes.php(11): CodeIgniter\Debug\Exceptions->errorHandler(2, 'Attempt to read property "admin" on string', 'E:\\xampp\\htdocs\\MintaboPanel\\app\\Config\\Routes.php', 11)
 2 SYSTEMPATH\Router\RouteCollection.php(340): require('E:\\xampp\\htdocs\\MintaboPanel\\app\\Config\\Routes.php')
 3 SYSTEMPATH\CodeIgniter.php(823): CodeIgniter\Router\RouteCollection->loadRoutes()
 4 SYSTEMPATH\CodeIgniter.php(457): CodeIgniter\CodeIgniter->tryToRouteIt(null)
 5 SYSTEMPATH\CodeIgniter.php(355): CodeIgniter\CodeIgniter->handleRequest(null, Object(Config\Cache), false)
 6 SYSTEMPATH\Boot.php(325): CodeIgniter\CodeIgniter->run()
 7 SYSTEMPATH\Boot.php(67): CodeIgniter\Boot::runCodeIgniter(Object(CodeIgniter\CodeIgniter))
 8 FCPATH\index.php(56): CodeIgniter\Boot::bootWeb(Object(Config\Paths))
CRITICAL - 2024-07-13 05:16:26 --> ErrorException: Undefined variable $customRoutes
[Method: GET, Route: /]
in APPPATH\Config\Globals.php on line 49.
 1 APPPATH\Config\Globals.php(49): CodeIgniter\Debug\Exceptions->errorHandler(2, 'Undefined variable $customRoutes', 'E:\\xampp\\htdocs\\MintaboPanel\\app\\Config\\Globals.php', 49)
 2 APPPATH\Config\Globals.php(148): Config\Globals::setGlobals()
 3 SYSTEMPATH\Autoloader\Autoloader.php(317): include_once('E:\\xampp\\htdocs\\MintaboPanel\\app\\Config\\Globals.php')
 4 SYSTEMPATH\Autoloader\Autoloader.php(296): CodeIgniter\Autoloader\Autoloader->includeFile('E:\\xampp\\htdocs\\MintaboPanel\\app\\Config\\Globals.php')
 5 SYSTEMPATH\Autoloader\Autoloader.php(272): CodeIgniter\Autoloader\Autoloader->loadInNamespace('Config\\Globals')
 6 APPPATH\Config\Routes.php(7): CodeIgniter\Autoloader\Autoloader->loadClass('Config\\Globals')
 7 SYSTEMPATH\Router\RouteCollection.php(340): require('E:\\xampp\\htdocs\\MintaboPanel\\app\\Config\\Routes.php')
 8 SYSTEMPATH\CodeIgniter.php(823): CodeIgniter\Router\RouteCollection->loadRoutes()
 9 SYSTEMPATH\CodeIgniter.php(457): CodeIgniter\CodeIgniter->tryToRouteIt(null)
10 SYSTEMPATH\CodeIgniter.php(355): CodeIgniter\CodeIgniter->handleRequest(null, Object(Config\Cache), false)
11 SYSTEMPATH\Boot.php(325): CodeIgniter\CodeIgniter->run()
12 SYSTEMPATH\Boot.php(67): CodeIgniter\Boot::runCodeIgniter(Object(CodeIgniter\CodeIgniter))
13 FCPATH\index.php(56): CodeIgniter\Boot::bootWeb(Object(Config\Paths))
CRITICAL - 2024-07-13 05:16:27 --> ErrorException: Undefined variable $customRoutes
[Method: GET, Route: /]
in APPPATH\Config\Globals.php on line 49.
 1 APPPATH\Config\Globals.php(49): CodeIgniter\Debug\Exceptions->errorHandler(2, 'Undefined variable $customRoutes', 'E:\\xampp\\htdocs\\MintaboPanel\\app\\Config\\Globals.php', 49)
 2 APPPATH\Config\Globals.php(148): Config\Globals::setGlobals()
 3 SYSTEMPATH\Autoloader\Autoloader.php(317): include_once('E:\\xampp\\htdocs\\MintaboPanel\\app\\Config\\Globals.php')
 4 SYSTEMPATH\Autoloader\Autoloader.php(296): CodeIgniter\Autoloader\Autoloader->includeFile('E:\\xampp\\htdocs\\MintaboPanel\\app\\Config\\Globals.php')
 5 SYSTEMPATH\Autoloader\Autoloader.php(272): CodeIgniter\Autoloader\Autoloader->loadInNamespace('Config\\Globals')
 6 APPPATH\Config\Routes.php(7): CodeIgniter\Autoloader\Autoloader->loadClass('Config\\Globals')
 7 SYSTEMPATH\Router\RouteCollection.php(340): require('E:\\xampp\\htdocs\\MintaboPanel\\app\\Config\\Routes.php')
 8 SYSTEMPATH\CodeIgniter.php(823): CodeIgniter\Router\RouteCollection->loadRoutes()
 9 SYSTEMPATH\CodeIgniter.php(457): CodeIgniter\CodeIgniter->tryToRouteIt(null)
10 SYSTEMPATH\CodeIgniter.php(355): CodeIgniter\CodeIgniter->handleRequest(null, Object(Config\Cache), false)
11 SYSTEMPATH\Boot.php(325): CodeIgniter\CodeIgniter->run()
12 SYSTEMPATH\Boot.php(67): CodeIgniter\Boot::runCodeIgniter(Object(CodeIgniter\CodeIgniter))
13 FCPATH\index.php(56): CodeIgniter\Boot::bootWeb(Object(Config\Paths))
CRITICAL - 2024-07-13 05:17:27 --> ErrorException: Undefined variable $self
[Method: GET, Route: /]
in APPPATH\Config\Globals.php on line 49.
 1 APPPATH\Config\Globals.php(49): CodeIgniter\Debug\Exceptions->errorHandler(2, 'Undefined variable $self', 'E:\\xampp\\htdocs\\MintaboPanel\\app\\Config\\Globals.php', 49)
 2 APPPATH\Config\Globals.php(148): Config\Globals::setGlobals()
 3 SYSTEMPATH\Autoloader\Autoloader.php(317): include_once('E:\\xampp\\htdocs\\MintaboPanel\\app\\Config\\Globals.php')
 4 SYSTEMPATH\Autoloader\Autoloader.php(296): CodeIgniter\Autoloader\Autoloader->includeFile('E:\\xampp\\htdocs\\MintaboPanel\\app\\Config\\Globals.php')
 5 SYSTEMPATH\Autoloader\Autoloader.php(272): CodeIgniter\Autoloader\Autoloader->loadInNamespace('Config\\Globals')
 6 APPPATH\Config\Routes.php(7): CodeIgniter\Autoloader\Autoloader->loadClass('Config\\Globals')
 7 SYSTEMPATH\Router\RouteCollection.php(340): require('E:\\xampp\\htdocs\\MintaboPanel\\app\\Config\\Routes.php')
 8 SYSTEMPATH\CodeIgniter.php(823): CodeIgniter\Router\RouteCollection->loadRoutes()
 9 SYSTEMPATH\CodeIgniter.php(457): CodeIgniter\CodeIgniter->tryToRouteIt(null)
10 SYSTEMPATH\CodeIgniter.php(355): CodeIgniter\CodeIgniter->handleRequest(null, Object(Config\Cache), false)
11 SYSTEMPATH\Boot.php(325): CodeIgniter\CodeIgniter->run()
12 SYSTEMPATH\Boot.php(67): CodeIgniter\Boot::runCodeIgniter(Object(CodeIgniter\CodeIgniter))
13 FCPATH\index.php(56): CodeIgniter\Boot::bootWeb(Object(Config\Paths))
CRITICAL - 2024-07-13 12:13:45 --> ErrorException: Undefined variable $generalSettings
[Method: GET, Route: admin/navigation]
in APPPATH\Views\admin\navigation.php on line 12.
 1 APPPATH\Views\admin\navigation.php(12): CodeIgniter\Debug\Exceptions->errorHandler(2, 'Undefined variable $generalSettings', 'E:\\xampp\\htdocs\\MintaboPanel\\app\\Views\\admin\\navigation.php', 12)
 2 SYSTEMPATH\View\View.php(234): include('E:\\xampp\\htdocs\\MintaboPanel\\app\\Views\\admin\\navigation.php')
 3 SYSTEMPATH\View\View.php(237): CodeIgniter\View\View->CodeIgniter\View\{closure}()
 4 SYSTEMPATH\Common.php(1171): CodeIgniter\View\View->render('admin/navigation', [], true)
 5 APPPATH\Controllers\Admin\Admin.php(23): view('admin/navigation', [...])
 6 SYSTEMPATH\CodeIgniter.php(933): App\Controllers\Admin\Admin->navigation()
 7 SYSTEMPATH\CodeIgniter.php(509): CodeIgniter\CodeIgniter->runController(Object(App\Controllers\Admin\Admin))
 8 SYSTEMPATH\CodeIgniter.php(355): CodeIgniter\CodeIgniter->handleRequest(null, Object(Config\Cache), false)
 9 SYSTEMPATH\Boot.php(325): CodeIgniter\CodeIgniter->run()
10 SYSTEMPATH\Boot.php(67): CodeIgniter\Boot::runCodeIgniter(Object(CodeIgniter\CodeIgniter))
11 FCPATH\index.php(56): CodeIgniter\Boot::bootWeb(Object(Config\Paths))
CRITICAL - 2024-07-13 12:22:55 --> ErrorException: Undefined variable $activeLang
[Method: GET, Route: admin]
in APPPATH\Views\admin\index.php on line 30.
 1 APPPATH\Views\admin\index.php(30): CodeIgniter\Debug\Exceptions->errorHandler(2, 'Undefined variable $activeLang', 'E:\\xampp\\htdocs\\MintaboPanel\\app\\Views\\admin\\index.php', 30)
 2 SYSTEMPATH\View\View.php(234): include('E:\\xampp\\htdocs\\MintaboPanel\\app\\Views\\admin\\index.php')
 3 SYSTEMPATH\View\View.php(237): CodeIgniter\View\View->CodeIgniter\View\{closure}()
 4 SYSTEMPATH\Common.php(1171): CodeIgniter\View\View->render('admin/index', [], true)
 5 APPPATH\Controllers\Admin\Admin.php(11): view('admin/index')
 6 SYSTEMPATH\CodeIgniter.php(933): App\Controllers\Admin\Admin->index()
 7 SYSTEMPATH\CodeIgniter.php(509): CodeIgniter\CodeIgniter->runController(Object(App\Controllers\Admin\Admin))
 8 SYSTEMPATH\CodeIgniter.php(355): CodeIgniter\CodeIgniter->handleRequest(null, Object(Config\Cache), false)
 9 SYSTEMPATH\Boot.php(325): CodeIgniter\CodeIgniter->run()
10 SYSTEMPATH\Boot.php(67): CodeIgniter\Boot::runCodeIgniter(Object(CodeIgniter\CodeIgniter))
11 FCPATH\index.php(56): CodeIgniter\Boot::bootWeb(Object(Config\Paths))
CRITICAL - 2024-07-13 12:22:56 --> ErrorException: Undefined variable $activeLang
[Method: GET, Route: admin]
in APPPATH\Views\admin\index.php on line 30.
 1 APPPATH\Views\admin\index.php(30): CodeIgniter\Debug\Exceptions->errorHandler(2, 'Undefined variable $activeLang', 'E:\\xampp\\htdocs\\MintaboPanel\\app\\Views\\admin\\index.php', 30)
 2 SYSTEMPATH\View\View.php(234): include('E:\\xampp\\htdocs\\MintaboPanel\\app\\Views\\admin\\index.php')
 3 SYSTEMPATH\View\View.php(237): CodeIgniter\View\View->CodeIgniter\View\{closure}()
 4 SYSTEMPATH\Common.php(1171): CodeIgniter\View\View->render('admin/index', [], true)
 5 APPPATH\Controllers\Admin\Admin.php(11): view('admin/index')
 6 SYSTEMPATH\CodeIgniter.php(933): App\Controllers\Admin\Admin->index()
 7 SYSTEMPATH\CodeIgniter.php(509): CodeIgniter\CodeIgniter->runController(Object(App\Controllers\Admin\Admin))
 8 SYSTEMPATH\CodeIgniter.php(355): CodeIgniter\CodeIgniter->handleRequest(null, Object(Config\Cache), false)
 9 SYSTEMPATH\Boot.php(325): CodeIgniter\CodeIgniter->run()
10 SYSTEMPATH\Boot.php(67): CodeIgniter\Boot::runCodeIgniter(Object(CodeIgniter\CodeIgniter))
11 FCPATH\index.php(56): CodeIgniter\Boot::bootWeb(Object(Config\Paths))
CRITICAL - 2024-07-13 12:26:33 --> ErrorException: Undefined variable $baseSettings
[Method: GET, Route: admin/navigation]
in APPPATH\Views\admin\includes\_footer.php on line 7.
 1 APPPATH\Views\admin\includes\_footer.php(7): CodeIgniter\Debug\Exceptions->errorHandler(2, 'Undefined variable $baseSettings', 'E:\\xampp\\htdocs\\MintaboPanel\\app\\Views\\admin\\includes\\_footer.php', 7)
 2 SYSTEMPATH\View\View.php(234): include('E:\\xampp\\htdocs\\MintaboPanel\\app\\Views\\admin\\includes\\_footer.php')
 3 SYSTEMPATH\View\View.php(237): CodeIgniter\View\View->CodeIgniter\View\{closure}()
 4 SYSTEMPATH\Common.php(1171): CodeIgniter\View\View->render('admin/includes/_footer', [], true)
 5 APPPATH\Controllers\Admin\Admin.php(24): view('admin/includes/_footer')
 6 SYSTEMPATH\CodeIgniter.php(933): App\Controllers\Admin\Admin->navigation()
 7 SYSTEMPATH\CodeIgniter.php(509): CodeIgniter\CodeIgniter->runController(Object(App\Controllers\Admin\Admin))
 8 SYSTEMPATH\CodeIgniter.php(355): CodeIgniter\CodeIgniter->handleRequest(null, Object(Config\Cache), false)
 9 SYSTEMPATH\Boot.php(325): CodeIgniter\CodeIgniter->run()
10 SYSTEMPATH\Boot.php(67): CodeIgniter\Boot::runCodeIgniter(Object(CodeIgniter\CodeIgniter))
11 FCPATH\index.php(56): CodeIgniter\Boot::bootWeb(Object(Config\Paths))
CRITICAL - 2024-07-13 12:31:33 --> ErrorException: Undefined variable $data
[Method: GET, Route: admin]
in APPPATH\Controllers\Admin\Admin.php on line 10.
 1 APPPATH\Controllers\Admin\Admin.php(10): CodeIgniter\Debug\Exceptions->errorHandler(2, 'Undefined variable $data', 'E:\\xampp\\htdocs\\MintaboPanel\\app\\Controllers\\Admin\\Admin.php', 10)
 2 SYSTEMPATH\CodeIgniter.php(933): App\Controllers\Admin\Admin->index()
 3 SYSTEMPATH\CodeIgniter.php(509): CodeIgniter\CodeIgniter->runController(Object(App\Controllers\Admin\Admin))
 4 SYSTEMPATH\CodeIgniter.php(355): CodeIgniter\CodeIgniter->handleRequest(null, Object(Config\Cache), false)
 5 SYSTEMPATH\Boot.php(325): CodeIgniter\CodeIgniter->run()
 6 SYSTEMPATH\Boot.php(67): CodeIgniter\Boot::runCodeIgniter(Object(CodeIgniter\CodeIgniter))
 7 FCPATH\index.php(56): CodeIgniter\Boot::bootWeb(Object(Config\Paths))
CRITICAL - 2024-07-13 14:30:16 --> ErrorException: Undefined variable $activeLang
[Method: GET, Route: market]
in APPPATH\Views\market\partials\_header.php on line 2.
 1 APPPATH\Views\market\partials\_header.php(2): CodeIgniter\Debug\Exceptions->errorHandler(2, 'Undefined variable $activeLang', 'E:\\xampp\\htdocs\\MintaboPanel\\app\\Views\\market\\partials\\_header.php', 2)
 2 SYSTEMPATH\View\View.php(234): include('E:\\xampp\\htdocs\\MintaboPanel\\app\\Views\\market\\partials\\_header.php')
 3 SYSTEMPATH\View\View.php(237): CodeIgniter\View\View->CodeIgniter\View\{closure}()
 4 SYSTEMPATH\Common.php(1171): CodeIgniter\View\View->render('market/partials/_header', [], true)
 5 APPPATH\Controllers\Market\Home.php(11): view('market/partials/_header')
 6 SYSTEMPATH\CodeIgniter.php(933): App\Controllers\Market\Home->index()
 7 SYSTEMPATH\CodeIgniter.php(509): CodeIgniter\CodeIgniter->runController(Object(App\Controllers\Market\Home))
 8 SYSTEMPATH\CodeIgniter.php(355): CodeIgniter\CodeIgniter->handleRequest(null, Object(Config\Cache), false)
 9 SYSTEMPATH\Boot.php(325): CodeIgniter\CodeIgniter->run()
10 SYSTEMPATH\Boot.php(67): CodeIgniter\Boot::runCodeIgniter(Object(CodeIgniter\CodeIgniter))
11 FCPATH\index.php(56): CodeIgniter\Boot::bootWeb(Object(Config\Paths))
CRITICAL - 2024-07-13 14:30:22 --> ErrorException: Undefined variable $activeLang
[Method: GET, Route: market]
in APPPATH\Views\market\partials\_header.php on line 2.
 1 APPPATH\Views\market\partials\_header.php(2): CodeIgniter\Debug\Exceptions->errorHandler(2, 'Undefined variable $activeLang', 'E:\\xampp\\htdocs\\MintaboPanel\\app\\Views\\market\\partials\\_header.php', 2)
 2 SYSTEMPATH\View\View.php(234): include('E:\\xampp\\htdocs\\MintaboPanel\\app\\Views\\market\\partials\\_header.php')
 3 SYSTEMPATH\View\View.php(237): CodeIgniter\View\View->CodeIgniter\View\{closure}()
 4 SYSTEMPATH\Common.php(1171): CodeIgniter\View\View->render('market/partials/_header', [], true)
 5 APPPATH\Controllers\Market\Home.php(11): view('market/partials/_header')
 6 SYSTEMPATH\CodeIgniter.php(933): App\Controllers\Market\Home->index()
 7 SYSTEMPATH\CodeIgniter.php(509): CodeIgniter\CodeIgniter->runController(Object(App\Controllers\Market\Home))
 8 SYSTEMPATH\CodeIgniter.php(355): CodeIgniter\CodeIgniter->handleRequest(null, Object(Config\Cache), false)
 9 SYSTEMPATH\Boot.php(325): CodeIgniter\CodeIgniter->run()
10 SYSTEMPATH\Boot.php(67): CodeIgniter\Boot::runCodeIgniter(Object(CodeIgniter\CodeIgniter))
11 FCPATH\index.php(56): CodeIgniter\Boot::bootWeb(Object(Config\Paths))
CRITICAL - 2024-07-13 14:30:22 --> ErrorException: Undefined variable $activeLang
[Method: GET, Route: market]
in APPPATH\Views\market\partials\_header.php on line 2.
 1 APPPATH\Views\market\partials\_header.php(2): CodeIgniter\Debug\Exceptions->errorHandler(2, 'Undefined variable $activeLang', 'E:\\xampp\\htdocs\\MintaboPanel\\app\\Views\\market\\partials\\_header.php', 2)
 2 SYSTEMPATH\View\View.php(234): include('E:\\xampp\\htdocs\\MintaboPanel\\app\\Views\\market\\partials\\_header.php')
 3 SYSTEMPATH\View\View.php(237): CodeIgniter\View\View->CodeIgniter\View\{closure}()
 4 SYSTEMPATH\Common.php(1171): CodeIgniter\View\View->render('market/partials/_header', [], true)
 5 APPPATH\Controllers\Market\Home.php(11): view('market/partials/_header')
 6 SYSTEMPATH\CodeIgniter.php(933): App\Controllers\Market\Home->index()
 7 SYSTEMPATH\CodeIgniter.php(509): CodeIgniter\CodeIgniter->runController(Object(App\Controllers\Market\Home))
 8 SYSTEMPATH\CodeIgniter.php(355): CodeIgniter\CodeIgniter->handleRequest(null, Object(Config\Cache), false)
 9 SYSTEMPATH\Boot.php(325): CodeIgniter\CodeIgniter->run()
10 SYSTEMPATH\Boot.php(67): CodeIgniter\Boot::runCodeIgniter(Object(CodeIgniter\CodeIgniter))
11 FCPATH\index.php(56): CodeIgniter\Boot::bootWeb(Object(Config\Paths))
CRITICAL - 2024-07-13 14:30:23 --> ErrorException: Undefined variable $activeLang
[Method: GET, Route: market]
in APPPATH\Views\market\partials\_header.php on line 2.
 1 APPPATH\Views\market\partials\_header.php(2): CodeIgniter\Debug\Exceptions->errorHandler(2, 'Undefined variable $activeLang', 'E:\\xampp\\htdocs\\MintaboPanel\\app\\Views\\market\\partials\\_header.php', 2)
 2 SYSTEMPATH\View\View.php(234): include('E:\\xampp\\htdocs\\MintaboPanel\\app\\Views\\market\\partials\\_header.php')
 3 SYSTEMPATH\View\View.php(237): CodeIgniter\View\View->CodeIgniter\View\{closure}()
 4 SYSTEMPATH\Common.php(1171): CodeIgniter\View\View->render('market/partials/_header', [], true)
 5 APPPATH\Controllers\Market\Home.php(11): view('market/partials/_header')
 6 SYSTEMPATH\CodeIgniter.php(933): App\Controllers\Market\Home->index()
 7 SYSTEMPATH\CodeIgniter.php(509): CodeIgniter\CodeIgniter->runController(Object(App\Controllers\Market\Home))
 8 SYSTEMPATH\CodeIgniter.php(355): CodeIgniter\CodeIgniter->handleRequest(null, Object(Config\Cache), false)
 9 SYSTEMPATH\Boot.php(325): CodeIgniter\CodeIgniter->run()
10 SYSTEMPATH\Boot.php(67): CodeIgniter\Boot::runCodeIgniter(Object(CodeIgniter\CodeIgniter))
11 FCPATH\index.php(56): CodeIgniter\Boot::bootWeb(Object(Config\Paths))
CRITICAL - 2024-07-13 14:30:23 --> ErrorException: Undefined variable $activeLang
[Method: GET, Route: market]
in APPPATH\Views\market\partials\_header.php on line 2.
 1 APPPATH\Views\market\partials\_header.php(2): CodeIgniter\Debug\Exceptions->errorHandler(2, 'Undefined variable $activeLang', 'E:\\xampp\\htdocs\\MintaboPanel\\app\\Views\\market\\partials\\_header.php', 2)
 2 SYSTEMPATH\View\View.php(234): include('E:\\xampp\\htdocs\\MintaboPanel\\app\\Views\\market\\partials\\_header.php')
 3 SYSTEMPATH\View\View.php(237): CodeIgniter\View\View->CodeIgniter\View\{closure}()
 4 SYSTEMPATH\Common.php(1171): CodeIgniter\View\View->render('market/partials/_header', [], true)
 5 APPPATH\Controllers\Market\Home.php(11): view('market/partials/_header')
 6 SYSTEMPATH\CodeIgniter.php(933): App\Controllers\Market\Home->index()
 7 SYSTEMPATH\CodeIgniter.php(509): CodeIgniter\CodeIgniter->runController(Object(App\Controllers\Market\Home))
 8 SYSTEMPATH\CodeIgniter.php(355): CodeIgniter\CodeIgniter->handleRequest(null, Object(Config\Cache), false)
 9 SYSTEMPATH\Boot.php(325): CodeIgniter\CodeIgniter->run()
10 SYSTEMPATH\Boot.php(67): CodeIgniter\Boot::runCodeIgniter(Object(CodeIgniter\CodeIgniter))
11 FCPATH\index.php(56): CodeIgniter\Boot::bootWeb(Object(Config\Paths))
CRITICAL - 2024-07-13 14:30:23 --> ErrorException: Undefined variable $activeLang
[Method: GET, Route: market]
in APPPATH\Views\market\partials\_header.php on line 2.
 1 APPPATH\Views\market\partials\_header.php(2): CodeIgniter\Debug\Exceptions->errorHandler(2, 'Undefined variable $activeLang', 'E:\\xampp\\htdocs\\MintaboPanel\\app\\Views\\market\\partials\\_header.php', 2)
 2 SYSTEMPATH\View\View.php(234): include('E:\\xampp\\htdocs\\MintaboPanel\\app\\Views\\market\\partials\\_header.php')
 3 SYSTEMPATH\View\View.php(237): CodeIgniter\View\View->CodeIgniter\View\{closure}()
 4 SYSTEMPATH\Common.php(1171): CodeIgniter\View\View->render('market/partials/_header', [], true)
 5 APPPATH\Controllers\Market\Home.php(11): view('market/partials/_header')
 6 SYSTEMPATH\CodeIgniter.php(933): App\Controllers\Market\Home->index()
 7 SYSTEMPATH\CodeIgniter.php(509): CodeIgniter\CodeIgniter->runController(Object(App\Controllers\Market\Home))
 8 SYSTEMPATH\CodeIgniter.php(355): CodeIgniter\CodeIgniter->handleRequest(null, Object(Config\Cache), false)
 9 SYSTEMPATH\Boot.php(325): CodeIgniter\CodeIgniter->run()
10 SYSTEMPATH\Boot.php(67): CodeIgniter\Boot::runCodeIgniter(Object(CodeIgniter\CodeIgniter))
11 FCPATH\index.php(56): CodeIgniter\Boot::bootWeb(Object(Config\Paths))
CRITICAL - 2024-07-13 14:30:52 --> ErrorException: Undefined variable $activeLang
[Method: GET, Route: market]
in APPPATH\Views\market\partials\_header.php on line 2.
 1 APPPATH\Views\market\partials\_header.php(2): CodeIgniter\Debug\Exceptions->errorHandler(2, 'Undefined variable $activeLang', 'E:\\xampp\\htdocs\\MintaboPanel\\app\\Views\\market\\partials\\_header.php', 2)
 2 SYSTEMPATH\View\View.php(234): include('E:\\xampp\\htdocs\\MintaboPanel\\app\\Views\\market\\partials\\_header.php')
 3 SYSTEMPATH\View\View.php(237): CodeIgniter\View\View->CodeIgniter\View\{closure}()
 4 SYSTEMPATH\Common.php(1171): CodeIgniter\View\View->render('market/partials/_header', [], true)
 5 APPPATH\Controllers\Market\Home.php(11): view('market/partials/_header')
 6 SYSTEMPATH\CodeIgniter.php(933): App\Controllers\Market\Home->index()
 7 SYSTEMPATH\CodeIgniter.php(509): CodeIgniter\CodeIgniter->runController(Object(App\Controllers\Market\Home))
 8 SYSTEMPATH\CodeIgniter.php(355): CodeIgniter\CodeIgniter->handleRequest(null, Object(Config\Cache), false)
 9 SYSTEMPATH\Boot.php(325): CodeIgniter\CodeIgniter->run()
10 SYSTEMPATH\Boot.php(67): CodeIgniter\Boot::runCodeIgniter(Object(CodeIgniter\CodeIgniter))
11 FCPATH\index.php(56): CodeIgniter\Boot::bootWeb(Object(Config\Paths))
CRITICAL - 2024-07-13 14:30:52 --> ErrorException: Undefined variable $activeLang
[Method: GET, Route: market]
in APPPATH\Views\market\partials\_header.php on line 2.
 1 APPPATH\Views\market\partials\_header.php(2): CodeIgniter\Debug\Exceptions->errorHandler(2, 'Undefined variable $activeLang', 'E:\\xampp\\htdocs\\MintaboPanel\\app\\Views\\market\\partials\\_header.php', 2)
 2 SYSTEMPATH\View\View.php(234): include('E:\\xampp\\htdocs\\MintaboPanel\\app\\Views\\market\\partials\\_header.php')
 3 SYSTEMPATH\View\View.php(237): CodeIgniter\View\View->CodeIgniter\View\{closure}()
 4 SYSTEMPATH\Common.php(1171): CodeIgniter\View\View->render('market/partials/_header', [], true)
 5 APPPATH\Controllers\Market\Home.php(11): view('market/partials/_header')
 6 SYSTEMPATH\CodeIgniter.php(933): App\Controllers\Market\Home->index()
 7 SYSTEMPATH\CodeIgniter.php(509): CodeIgniter\CodeIgniter->runController(Object(App\Controllers\Market\Home))
 8 SYSTEMPATH\CodeIgniter.php(355): CodeIgniter\CodeIgniter->handleRequest(null, Object(Config\Cache), false)
 9 SYSTEMPATH\Boot.php(325): CodeIgniter\CodeIgniter->run()
10 SYSTEMPATH\Boot.php(67): CodeIgniter\Boot::runCodeIgniter(Object(CodeIgniter\CodeIgniter))
11 FCPATH\index.php(56): CodeIgniter\Boot::bootWeb(Object(Config\Paths))
CRITICAL - 2024-07-13 14:30:54 --> ErrorException: Undefined variable $activeLang
[Method: GET, Route: market]
in APPPATH\Views\market\partials\_header.php on line 2.
 1 APPPATH\Views\market\partials\_header.php(2): CodeIgniter\Debug\Exceptions->errorHandler(2, 'Undefined variable $activeLang', 'E:\\xampp\\htdocs\\MintaboPanel\\app\\Views\\market\\partials\\_header.php', 2)
 2 SYSTEMPATH\View\View.php(234): include('E:\\xampp\\htdocs\\MintaboPanel\\app\\Views\\market\\partials\\_header.php')
 3 SYSTEMPATH\View\View.php(237): CodeIgniter\View\View->CodeIgniter\View\{closure}()
 4 SYSTEMPATH\Common.php(1171): CodeIgniter\View\View->render('market/partials/_header', [], true)
 5 APPPATH\Controllers\Market\Home.php(11): view('market/partials/_header')
 6 SYSTEMPATH\CodeIgniter.php(933): App\Controllers\Market\Home->index()
 7 SYSTEMPATH\CodeIgniter.php(509): CodeIgniter\CodeIgniter->runController(Object(App\Controllers\Market\Home))
 8 SYSTEMPATH\CodeIgniter.php(355): CodeIgniter\CodeIgniter->handleRequest(null, Object(Config\Cache), false)
 9 SYSTEMPATH\Boot.php(325): CodeIgniter\CodeIgniter->run()
10 SYSTEMPATH\Boot.php(67): CodeIgniter\Boot::runCodeIgniter(Object(CodeIgniter\CodeIgniter))
11 FCPATH\index.php(56): CodeIgniter\Boot::bootWeb(Object(Config\Paths))
CRITICAL - 2024-07-13 14:30:59 --> ErrorException: Undefined variable $activeLang
[Method: GET, Route: market]
in APPPATH\Views\market\partials\_header.php on line 2.
 1 APPPATH\Views\market\partials\_header.php(2): CodeIgniter\Debug\Exceptions->errorHandler(2, 'Undefined variable $activeLang', 'E:\\xampp\\htdocs\\MintaboPanel\\app\\Views\\market\\partials\\_header.php', 2)
 2 SYSTEMPATH\View\View.php(234): include('E:\\xampp\\htdocs\\MintaboPanel\\app\\Views\\market\\partials\\_header.php')
 3 SYSTEMPATH\View\View.php(237): CodeIgniter\View\View->CodeIgniter\View\{closure}()
 4 SYSTEMPATH\Common.php(1171): CodeIgniter\View\View->render('market/partials/_header', [], true)
 5 APPPATH\Controllers\Market\Home.php(11): view('market/partials/_header')
 6 SYSTEMPATH\CodeIgniter.php(933): App\Controllers\Market\Home->index()
 7 SYSTEMPATH\CodeIgniter.php(509): CodeIgniter\CodeIgniter->runController(Object(App\Controllers\Market\Home))
 8 SYSTEMPATH\CodeIgniter.php(355): CodeIgniter\CodeIgniter->handleRequest(null, Object(Config\Cache), false)
 9 SYSTEMPATH\Boot.php(325): CodeIgniter\CodeIgniter->run()
10 SYSTEMPATH\Boot.php(67): CodeIgniter\Boot::runCodeIgniter(Object(CodeIgniter\CodeIgniter))
11 FCPATH\index.php(56): CodeIgniter\Boot::bootWeb(Object(Config\Paths))
CRITICAL - 2024-07-13 14:31:15 --> ErrorException: Undefined variable $activeLang
[Method: GET, Route: market]
in APPPATH\Views\market\partials\_header.php on line 2.
 1 APPPATH\Views\market\partials\_header.php(2): CodeIgniter\Debug\Exceptions->errorHandler(2, 'Undefined variable $activeLang', 'E:\\xampp\\htdocs\\MintaboPanel\\app\\Views\\market\\partials\\_header.php', 2)
 2 SYSTEMPATH\View\View.php(234): include('E:\\xampp\\htdocs\\MintaboPanel\\app\\Views\\market\\partials\\_header.php')
 3 SYSTEMPATH\View\View.php(237): CodeIgniter\View\View->CodeIgniter\View\{closure}()
 4 SYSTEMPATH\Common.php(1171): CodeIgniter\View\View->render('market/partials/_header', [], true)
 5 APPPATH\Controllers\Market\Home.php(11): view('market/partials/_header')
 6 SYSTEMPATH\CodeIgniter.php(933): App\Controllers\Market\Home->index()
 7 SYSTEMPATH\CodeIgniter.php(509): CodeIgniter\CodeIgniter->runController(Object(App\Controllers\Market\Home))
 8 SYSTEMPATH\CodeIgniter.php(355): CodeIgniter\CodeIgniter->handleRequest(null, Object(Config\Cache), false)
 9 SYSTEMPATH\Boot.php(325): CodeIgniter\CodeIgniter->run()
10 SYSTEMPATH\Boot.php(67): CodeIgniter\Boot::runCodeIgniter(Object(CodeIgniter\CodeIgniter))
11 FCPATH\index.php(56): CodeIgniter\Boot::bootWeb(Object(Config\Paths))
CRITICAL - 2024-07-13 14:31:16 --> ErrorException: Undefined variable $activeLang
[Method: GET, Route: market]
in APPPATH\Views\market\partials\_header.php on line 2.
 1 APPPATH\Views\market\partials\_header.php(2): CodeIgniter\Debug\Exceptions->errorHandler(2, 'Undefined variable $activeLang', 'E:\\xampp\\htdocs\\MintaboPanel\\app\\Views\\market\\partials\\_header.php', 2)
 2 SYSTEMPATH\View\View.php(234): include('E:\\xampp\\htdocs\\MintaboPanel\\app\\Views\\market\\partials\\_header.php')
 3 SYSTEMPATH\View\View.php(237): CodeIgniter\View\View->CodeIgniter\View\{closure}()
 4 SYSTEMPATH\Common.php(1171): CodeIgniter\View\View->render('market/partials/_header', [], true)
 5 APPPATH\Controllers\Market\Home.php(11): view('market/partials/_header')
 6 SYSTEMPATH\CodeIgniter.php(933): App\Controllers\Market\Home->index()
 7 SYSTEMPATH\CodeIgniter.php(509): CodeIgniter\CodeIgniter->runController(Object(App\Controllers\Market\Home))
 8 SYSTEMPATH\CodeIgniter.php(355): CodeIgniter\CodeIgniter->handleRequest(null, Object(Config\Cache), false)
 9 SYSTEMPATH\Boot.php(325): CodeIgniter\CodeIgniter->run()
10 SYSTEMPATH\Boot.php(67): CodeIgniter\Boot::runCodeIgniter(Object(CodeIgniter\CodeIgniter))
11 FCPATH\index.php(56): CodeIgniter\Boot::bootWeb(Object(Config\Paths))
CRITICAL - 2024-07-13 14:32:19 --> ErrorException: Undefined variable $activeLang
[Method: GET, Route: market]
in APPPATH\Views\market\partials\_header.php on line 2.
 1 APPPATH\Views\market\partials\_header.php(2): CodeIgniter\Debug\Exceptions->errorHandler(2, 'Undefined variable $activeLang', 'E:\\xampp\\htdocs\\MintaboPanel\\app\\Views\\market\\partials\\_header.php', 2)
 2 SYSTEMPATH\View\View.php(234): include('E:\\xampp\\htdocs\\MintaboPanel\\app\\Views\\market\\partials\\_header.php')
 3 SYSTEMPATH\View\View.php(237): CodeIgniter\View\View->CodeIgniter\View\{closure}()
 4 SYSTEMPATH\Common.php(1171): CodeIgniter\View\View->render('market/partials/_header', [], true)
 5 APPPATH\Controllers\Market\Home.php(11): view('market/partials/_header')
 6 SYSTEMPATH\CodeIgniter.php(933): App\Controllers\Market\Home->index()
 7 SYSTEMPATH\CodeIgniter.php(509): CodeIgniter\CodeIgniter->runController(Object(App\Controllers\Market\Home))
 8 SYSTEMPATH\CodeIgniter.php(355): CodeIgniter\CodeIgniter->handleRequest(null, Object(Config\Cache), false)
 9 SYSTEMPATH\Boot.php(325): CodeIgniter\CodeIgniter->run()
10 SYSTEMPATH\Boot.php(67): CodeIgniter\Boot::runCodeIgniter(Object(CodeIgniter\CodeIgniter))
11 FCPATH\index.php(56): CodeIgniter\Boot::bootWeb(Object(Config\Paths))
CRITICAL - 2024-07-13 14:32:50 --> ErrorException: Undefined variable $activeLang
[Method: GET, Route: market]
in APPPATH\Views\market\partials\_header.php on line 2.
 1 APPPATH\Views\market\partials\_header.php(2): CodeIgniter\Debug\Exceptions->errorHandler(2, 'Undefined variable $activeLang', 'E:\\xampp\\htdocs\\MintaboPanel\\app\\Views\\market\\partials\\_header.php', 2)
 2 SYSTEMPATH\View\View.php(234): include('E:\\xampp\\htdocs\\MintaboPanel\\app\\Views\\market\\partials\\_header.php')
 3 SYSTEMPATH\View\View.php(237): CodeIgniter\View\View->CodeIgniter\View\{closure}()
 4 SYSTEMPATH\Common.php(1171): CodeIgniter\View\View->render('market/partials/_header', [], true)
 5 APPPATH\Controllers\Market\Home.php(11): view('market/partials/_header')
 6 SYSTEMPATH\CodeIgniter.php(933): App\Controllers\Market\Home->index()
 7 SYSTEMPATH\CodeIgniter.php(509): CodeIgniter\CodeIgniter->runController(Object(App\Controllers\Market\Home))
 8 SYSTEMPATH\CodeIgniter.php(355): CodeIgniter\CodeIgniter->handleRequest(null, Object(Config\Cache), false)
 9 SYSTEMPATH\Boot.php(325): CodeIgniter\CodeIgniter->run()
10 SYSTEMPATH\Boot.php(67): CodeIgniter\Boot::runCodeIgniter(Object(CodeIgniter\CodeIgniter))
11 FCPATH\index.php(56): CodeIgniter\Boot::bootWeb(Object(Config\Paths))
CRITICAL - 2024-07-13 14:34:17 --> ParseError: syntax error, unexpected token "}", expecting ";"
[Method: GET, Route: market]
in APPPATH\Controllers\Market\Home.php on line 15.
 1 SYSTEMPATH\Autoloader\Autoloader.php(296): CodeIgniter\Autoloader\Autoloader->includeFile('E:\\xampp\\htdocs\\MintaboPanel\\app\\Controllers\\Market\\Home.php')
 2 SYSTEMPATH\Autoloader\Autoloader.php(272): CodeIgniter\Autoloader\Autoloader->loadInNamespace('App\\Controllers\\Market\\Home')
 3 [internal function]: CodeIgniter\Autoloader\Autoloader->loadClass('App\\Controllers\\Market\\Home')
 4 SYSTEMPATH\CodeIgniter.php(887): class_exists('\\App\\Controllers\\Market\\Home', true)
 5 SYSTEMPATH\CodeIgniter.php(496): CodeIgniter\CodeIgniter->startController()
 6 SYSTEMPATH\CodeIgniter.php(355): CodeIgniter\CodeIgniter->handleRequest(null, Object(Config\Cache), false)
 7 SYSTEMPATH\Boot.php(325): CodeIgniter\CodeIgniter->run()
 8 SYSTEMPATH\Boot.php(67): CodeIgniter\Boot::runCodeIgniter(Object(CodeIgniter\CodeIgniter))
 9 FCPATH\index.php(56): CodeIgniter\Boot::bootWeb(Object(Config\Paths))
CRITICAL - 2024-07-13 14:41:59 --> TypeError: App\Controllers\Admin\Auth::index(): Return value must be of type string, none returned
[Method: GET, Route: admin/logins]
in APPPATH\Controllers\Admin\Auth.php on line 16.
 1 SYSTEMPATH\CodeIgniter.php(933): App\Controllers\Admin\Auth->index()
 2 SYSTEMPATH\CodeIgniter.php(509): CodeIgniter\CodeIgniter->runController(Object(App\Controllers\Admin\Auth))
 3 SYSTEMPATH\CodeIgniter.php(355): CodeIgniter\CodeIgniter->handleRequest(null, Object(Config\Cache), false)
 4 SYSTEMPATH\Boot.php(325): CodeIgniter\CodeIgniter->run()
 5 SYSTEMPATH\Boot.php(67): CodeIgniter\Boot::runCodeIgniter(Object(CodeIgniter\CodeIgniter))
 6 FCPATH\index.php(56): CodeIgniter\Boot::bootWeb(Object(Config\Paths))
CRITICAL - 2024-07-13 14:45:21 --> Error: Class "App\Controllers\Web\BaseController" not found
[Method: GET, Route: login]
in APPPATH\Controllers\Web\Auth.php on line 10.
 1 SYSTEMPATH\Autoloader\Autoloader.php(317): include_once()
 2 SYSTEMPATH\Autoloader\Autoloader.php(296): CodeIgniter\Autoloader\Autoloader->includeFile('E:\\xampp\\htdocs\\MintaboPanel\\app\\Controllers\\Web\\Auth.php')
 3 SYSTEMPATH\Autoloader\Autoloader.php(272): CodeIgniter\Autoloader\Autoloader->loadInNamespace('App\\Controllers\\Web\\Auth')
 4 [internal function]: CodeIgniter\Autoloader\Autoloader->loadClass('App\\Controllers\\Web\\Auth')
 5 SYSTEMPATH\CodeIgniter.php(887): class_exists('\\App\\Controllers\\Web\\Auth', true)
 6 SYSTEMPATH\CodeIgniter.php(496): CodeIgniter\CodeIgniter->startController()
 7 SYSTEMPATH\CodeIgniter.php(355): CodeIgniter\CodeIgniter->handleRequest(null, Object(Config\Cache), false)
 8 SYSTEMPATH\Boot.php(325): CodeIgniter\CodeIgniter->run()
 9 SYSTEMPATH\Boot.php(67): CodeIgniter\Boot::runCodeIgniter(Object(CodeIgniter\CodeIgniter))
10 FCPATH\index.php(56): CodeIgniter\Boot::bootWeb(Object(Config\Paths))
CRITICAL - 2024-07-13 14:48:40 --> ErrorException: Undefined variable $data
[Method: GET, Route: login]
in APPPATH\Controllers\Web\Auth.php on line 16.
 1 APPPATH\Controllers\Web\Auth.php(16): CodeIgniter\Debug\Exceptions->errorHandler(2, 'Undefined variable $data', 'E:\\xampp\\htdocs\\MintaboPanel\\app\\Controllers\\Web\\Auth.php', 16)
 2 SYSTEMPATH\CodeIgniter.php(933): App\Controllers\Web\Auth->index()
 3 SYSTEMPATH\CodeIgniter.php(509): CodeIgniter\CodeIgniter->runController(Object(App\Controllers\Web\Auth))
 4 SYSTEMPATH\CodeIgniter.php(355): CodeIgniter\CodeIgniter->handleRequest(null, Object(Config\Cache), false)
 5 SYSTEMPATH\Boot.php(325): CodeIgniter\CodeIgniter->run()
 6 SYSTEMPATH\Boot.php(67): CodeIgniter\Boot::runCodeIgniter(Object(CodeIgniter\CodeIgniter))
 7 FCPATH\index.php(56): CodeIgniter\Boot::bootWeb(Object(Config\Paths))
CRITICAL - 2024-07-13 14:48:52 --> ErrorException: Undefined variable $activeLang
[Method: GET, Route: login]
in APPPATH\Views\market\partials\_header.php on line 2.
 1 APPPATH\Views\market\partials\_header.php(2): CodeIgniter\Debug\Exceptions->errorHandler(2, 'Undefined variable $activeLang', 'E:\\xampp\\htdocs\\MintaboPanel\\app\\Views\\market\\partials\\_header.php', 2)
 2 SYSTEMPATH\View\View.php(234): include('E:\\xampp\\htdocs\\MintaboPanel\\app\\Views\\market\\partials\\_header.php')
 3 SYSTEMPATH\View\View.php(237): CodeIgniter\View\View->CodeIgniter\View\{closure}()
 4 SYSTEMPATH\Common.php(1171): CodeIgniter\View\View->render('market/partials/_header', [], true)
 5 APPPATH\Controllers\Web\Auth.php(16): view('market/partials/_header')
 6 SYSTEMPATH\CodeIgniter.php(933): App\Controllers\Web\Auth->index()
 7 SYSTEMPATH\CodeIgniter.php(509): CodeIgniter\CodeIgniter->runController(Object(App\Controllers\Web\Auth))
 8 SYSTEMPATH\CodeIgniter.php(355): CodeIgniter\CodeIgniter->handleRequest(null, Object(Config\Cache), false)
 9 SYSTEMPATH\Boot.php(325): CodeIgniter\CodeIgniter->run()
10 SYSTEMPATH\Boot.php(67): CodeIgniter\Boot::runCodeIgniter(Object(CodeIgniter\CodeIgniter))
11 FCPATH\index.php(56): CodeIgniter\Boot::bootWeb(Object(Config\Paths))
CRITICAL - 2024-07-13 14:52:50 --> ErrorException: Undefined variable $activeLang
[Method: GET, Route: login]
in APPPATH\Views\market\partials\_header.php on line 2.
 1 APPPATH\Views\market\partials\_header.php(2): CodeIgniter\Debug\Exceptions->errorHandler(2, 'Undefined variable $activeLang', 'E:\\xampp\\htdocs\\MintaboPanel\\app\\Views\\market\\partials\\_header.php', 2)
 2 SYSTEMPATH\View\View.php(234): include('E:\\xampp\\htdocs\\MintaboPanel\\app\\Views\\market\\partials\\_header.php')
 3 SYSTEMPATH\View\View.php(237): CodeIgniter\View\View->CodeIgniter\View\{closure}()
 4 SYSTEMPATH\Common.php(1171): CodeIgniter\View\View->render('market/partials/_header', [], true)
 5 APPPATH\Controllers\Web\Auth.php(16): view('market/partials/_header')
 6 SYSTEMPATH\CodeIgniter.php(933): App\Controllers\Web\Auth->index()
 7 SYSTEMPATH\CodeIgniter.php(509): CodeIgniter\CodeIgniter->runController(Object(App\Controllers\Web\Auth))
 8 SYSTEMPATH\CodeIgniter.php(355): CodeIgniter\CodeIgniter->handleRequest(null, Object(Config\Cache), false)
 9 SYSTEMPATH\Boot.php(325): CodeIgniter\CodeIgniter->run()
10 SYSTEMPATH\Boot.php(67): CodeIgniter\Boot::runCodeIgniter(Object(CodeIgniter\CodeIgniter))
11 FCPATH\index.php(56): CodeIgniter\Boot::bootWeb(Object(Config\Paths))
CRITICAL - 2024-07-13 14:52:51 --> ErrorException: Undefined variable $activeLang
[Method: GET, Route: login]
in APPPATH\Views\market\partials\_header.php on line 2.
 1 APPPATH\Views\market\partials\_header.php(2): CodeIgniter\Debug\Exceptions->errorHandler(2, 'Undefined variable $activeLang', 'E:\\xampp\\htdocs\\MintaboPanel\\app\\Views\\market\\partials\\_header.php', 2)
 2 SYSTEMPATH\View\View.php(234): include('E:\\xampp\\htdocs\\MintaboPanel\\app\\Views\\market\\partials\\_header.php')
 3 SYSTEMPATH\View\View.php(237): CodeIgniter\View\View->CodeIgniter\View\{closure}()
 4 SYSTEMPATH\Common.php(1171): CodeIgniter\View\View->render('market/partials/_header', [], true)
 5 APPPATH\Controllers\Web\Auth.php(16): view('market/partials/_header')
 6 SYSTEMPATH\CodeIgniter.php(933): App\Controllers\Web\Auth->index()
 7 SYSTEMPATH\CodeIgniter.php(509): CodeIgniter\CodeIgniter->runController(Object(App\Controllers\Web\Auth))
 8 SYSTEMPATH\CodeIgniter.php(355): CodeIgniter\CodeIgniter->handleRequest(null, Object(Config\Cache), false)
 9 SYSTEMPATH\Boot.php(325): CodeIgniter\CodeIgniter->run()
10 SYSTEMPATH\Boot.php(67): CodeIgniter\Boot::runCodeIgniter(Object(CodeIgniter\CodeIgniter))
11 FCPATH\index.php(56): CodeIgniter\Boot::bootWeb(Object(Config\Paths))
CRITICAL - 2024-07-13 14:53:01 --> ErrorException: Undefined variable $baseVars
[Method: GET, Route: login]
in APPPATH\Views\market\auth\register.php on line 18.
 1 APPPATH\Views\market\auth\register.php(18): CodeIgniter\Debug\Exceptions->errorHandler(2, 'Undefined variable $baseVars', 'E:\\xampp\\htdocs\\MintaboPanel\\app\\Views\\market\\auth\\register.php', 18)
 2 SYSTEMPATH\View\View.php(234): include('E:\\xampp\\htdocs\\MintaboPanel\\app\\Views\\market\\auth\\register.php')
 3 SYSTEMPATH\View\View.php(237): CodeIgniter\View\View->CodeIgniter\View\{closure}()
 4 SYSTEMPATH\Common.php(1171): CodeIgniter\View\View->render('market/auth/register', [], true)
 5 APPPATH\Controllers\Web\Auth.php(17): view('market/auth/register')
 6 SYSTEMPATH\CodeIgniter.php(933): App\Controllers\Web\Auth->index()
 7 SYSTEMPATH\CodeIgniter.php(509): CodeIgniter\CodeIgniter->runController(Object(App\Controllers\Web\Auth))
 8 SYSTEMPATH\CodeIgniter.php(355): CodeIgniter\CodeIgniter->handleRequest(null, Object(Config\Cache), false)
 9 SYSTEMPATH\Boot.php(325): CodeIgniter\CodeIgniter->run()
10 SYSTEMPATH\Boot.php(67): CodeIgniter\Boot::runCodeIgniter(Object(CodeIgniter\CodeIgniter))
11 FCPATH\index.php(56): CodeIgniter\Boot::bootWeb(Object(Config\Paths))
CRITICAL - 2024-07-13 14:54:21 --> CodeIgniter\View\Exceptions\ViewException: Invalid file: "auth/_social_login.php"
[Method: GET, Route: login]
in SYSTEMPATH\Exceptions\FrameworkException.php on line 41.
 1 SYSTEMPATH\View\View.php(222): CodeIgniter\Exceptions\FrameworkException::forInvalidFile('auth/_social_login.php')
 2 SYSTEMPATH\Common.php(1171): CodeIgniter\View\View->render('auth/_social_login', [], true)
 3 APPPATH\Views\market\auth\register.php(21): view('auth/_social_login', [...])
 4 SYSTEMPATH\View\View.php(234): include('E:\\xampp\\htdocs\\MintaboPanel\\app\\Views\\market\\auth\\register.php')
 5 SYSTEMPATH\View\View.php(237): CodeIgniter\View\View->CodeIgniter\View\{closure}()
 6 SYSTEMPATH\Common.php(1171): CodeIgniter\View\View->render('market/auth/register', [], true)
 7 APPPATH\Controllers\Web\Auth.php(17): view('market/auth/register')
 8 SYSTEMPATH\CodeIgniter.php(933): App\Controllers\Web\Auth->index()
 9 SYSTEMPATH\CodeIgniter.php(509): CodeIgniter\CodeIgniter->runController(Object(App\Controllers\Web\Auth))
10 SYSTEMPATH\CodeIgniter.php(355): CodeIgniter\CodeIgniter->handleRequest(null, Object(Config\Cache), false)
11 SYSTEMPATH\Boot.php(325): CodeIgniter\CodeIgniter->run()
12 SYSTEMPATH\Boot.php(67): CodeIgniter\Boot::runCodeIgniter(Object(CodeIgniter\CodeIgniter))
13 FCPATH\index.php(56): CodeIgniter\Boot::bootWeb(Object(Config\Paths))
CRITICAL - 2024-07-13 14:55:07 --> TypeError: App\Controllers\Web\Auth::index(): Return value must be of type string, none returned
[Method: GET, Route: login]
in APPPATH\Controllers\Web\Auth.php on line 21.
 1 SYSTEMPATH\CodeIgniter.php(933): App\Controllers\Web\Auth->index()
 2 SYSTEMPATH\CodeIgniter.php(509): CodeIgniter\CodeIgniter->runController(Object(App\Controllers\Web\Auth))
 3 SYSTEMPATH\CodeIgniter.php(355): CodeIgniter\CodeIgniter->handleRequest(null, Object(Config\Cache), false)
 4 SYSTEMPATH\Boot.php(325): CodeIgniter\CodeIgniter->run()
 5 SYSTEMPATH\Boot.php(67): CodeIgniter\Boot::runCodeIgniter(Object(CodeIgniter\CodeIgniter))
 6 FCPATH\index.php(56): CodeIgniter\Boot::bootWeb(Object(Config\Paths))
