CRITICAL - 2024-08-01 00:43:36 --> ErrorException: Undefined variable $pageModel
[Method: GET, Route: mintaboPanel/contacts]
in APPPATH\Controllers\Web\Page.php on line 103.
 1 APPPATH\Controllers\Web\Page.php(103): CodeIgniter\Debug\Exceptions->errorHandler(2, 'Undefined variable $pageModel', 'C:\\xampp\\htdocs\\MintaboPanel\\app\\Controllers\\Web\\Page.php', 103)
 2 SYSTEMPATH\CodeIgniter.php(933): App\Controllers\Web\Page->any('mintaboPanel', 'contacts')
 3 SYSTEMPATH\CodeIgniter.php(509): CodeIgniter\CodeIgniter->runController(Object(App\Controllers\Web\Page))
 4 SYSTEMPATH\CodeIgniter.php(355): CodeIgniter\CodeIgniter->handleRequest(null, Object(Config\Cache), false)
 5 SYSTEMPATH\Boot.php(325): CodeIgniter\CodeIgniter->run()
 6 SYSTEMPATH\Boot.php(67): CodeIgniter\Boot::runCodeIgniter(Object(CodeIgniter\CodeIgniter))
 7 FCPATH\index.php(56): CodeIgniter\Boot::bootWeb(Object(Config\Paths))
CRITICAL - 2024-08-01 00:48:51 --> ErrorException: Undefined variable $pageModel
[Method: GET, Route: mintaboPanel/contacts]
in APPPATH\Controllers\Web\Page.php on line 103.
 1 APPPATH\Controllers\Web\Page.php(103): CodeIgniter\Debug\Exceptions->errorHandler(2, 'Undefined variable $pageModel', 'C:\\xampp\\htdocs\\MintaboPanel\\app\\Controllers\\Web\\Page.php', 103)
 2 SYSTEMPATH\CodeIgniter.php(933): App\Controllers\Web\Page->any('mintaboPanel', 'contacts')
 3 SYSTEMPATH\CodeIgniter.php(509): CodeIgniter\CodeIgniter->runController(Object(App\Controllers\Web\Page))
 4 SYSTEMPATH\CodeIgniter.php(355): CodeIgniter\CodeIgniter->handleRequest(null, Object(Config\Cache), false)
 5 SYSTEMPATH\Boot.php(325): CodeIgniter\CodeIgniter->run()
 6 SYSTEMPATH\Boot.php(67): CodeIgniter\Boot::runCodeIgniter(Object(CodeIgniter\CodeIgniter))
 7 FCPATH\index.php(56): CodeIgniter\Boot::bootWeb(Object(Config\Paths))
CRITICAL - 2024-08-01 00:49:09 --> ErrorException: Undefined variable $pageModel
[Method: GET, Route: mintaboPanel/contacts]
in APPPATH\Controllers\Web\Page.php on line 103.
 1 APPPATH\Controllers\Web\Page.php(103): CodeIgniter\Debug\Exceptions->errorHandler(2, 'Undefined variable $pageModel', 'C:\\xampp\\htdocs\\MintaboPanel\\app\\Controllers\\Web\\Page.php', 103)
 2 SYSTEMPATH\CodeIgniter.php(933): App\Controllers\Web\Page->any('mintaboPanel', 'contacts')
 3 SYSTEMPATH\CodeIgniter.php(509): CodeIgniter\CodeIgniter->runController(Object(App\Controllers\Web\Page))
 4 SYSTEMPATH\CodeIgniter.php(355): CodeIgniter\CodeIgniter->handleRequest(null, Object(Config\Cache), false)
 5 SYSTEMPATH\Boot.php(325): CodeIgniter\CodeIgniter->run()
 6 SYSTEMPATH\Boot.php(67): CodeIgniter\Boot::runCodeIgniter(Object(CodeIgniter\CodeIgniter))
 7 FCPATH\index.php(56): CodeIgniter\Boot::bootWeb(Object(Config\Paths))
CRITICAL - 2024-08-01 00:49:26 --> ErrorException: Undefined variable $pageModel
[Method: GET, Route: assets/themes/onebook/fonts/fa-solid-900.woff2]
in APPPATH\Controllers\Web\Page.php on line 103.
 1 APPPATH\Controllers\Web\Page.php(103): CodeIgniter\Debug\Exceptions->errorHandler(2, 'Undefined variable $pageModel', 'C:\\xampp\\htdocs\\MintaboPanel\\app\\Controllers\\Web\\Page.php', 103)
 2 SYSTEMPATH\CodeIgniter.php(933): App\Controllers\Web\Page->any('assets', 'themes', 'onebook', 'fonts', 'fa-solid-900.woff2')
 3 SYSTEMPATH\CodeIgniter.php(509): CodeIgniter\CodeIgniter->runController(Object(App\Controllers\Web\Page))
 4 SYSTEMPATH\CodeIgniter.php(355): CodeIgniter\CodeIgniter->handleRequest(null, Object(Config\Cache), false)
 5 SYSTEMPATH\Boot.php(325): CodeIgniter\CodeIgniter->run()
 6 SYSTEMPATH\Boot.php(67): CodeIgniter\Boot::runCodeIgniter(Object(CodeIgniter\CodeIgniter))
 7 FCPATH\index.php(56): CodeIgniter\Boot::bootWeb(Object(Config\Paths))
CRITICAL - 2024-08-01 00:49:26 --> ErrorException: Undefined variable $pageModel
[Method: GET, Route: assets/themes/onebook/fonts/themify.woff]
in APPPATH\Controllers\Web\Page.php on line 103.
 1 APPPATH\Controllers\Web\Page.php(103): CodeIgniter\Debug\Exceptions->errorHandler(2, 'Undefined variable $pageModel', 'C:\\xampp\\htdocs\\MintaboPanel\\app\\Controllers\\Web\\Page.php', 103)
 2 SYSTEMPATH\CodeIgniter.php(933): App\Controllers\Web\Page->any('assets', 'themes', 'onebook', 'fonts', 'themify.woff')
 3 SYSTEMPATH\CodeIgniter.php(509): CodeIgniter\CodeIgniter->runController(Object(App\Controllers\Web\Page))
 4 SYSTEMPATH\CodeIgniter.php(355): CodeIgniter\CodeIgniter->handleRequest(null, Object(Config\Cache), false)
 5 SYSTEMPATH\Boot.php(325): CodeIgniter\CodeIgniter->run()
 6 SYSTEMPATH\Boot.php(67): CodeIgniter\Boot::runCodeIgniter(Object(CodeIgniter\CodeIgniter))
 7 FCPATH\index.php(56): CodeIgniter\Boot::bootWeb(Object(Config\Paths))
CRITICAL - 2024-08-01 00:49:26 --> ErrorException: Undefined variable $pageModel
[Method: GET, Route: assets/themes/onebook/fonts/fa-regular-400.woff2]
in APPPATH\Controllers\Web\Page.php on line 103.
 1 APPPATH\Controllers\Web\Page.php(103): CodeIgniter\Debug\Exceptions->errorHandler(2, 'Undefined variable $pageModel', 'C:\\xampp\\htdocs\\MintaboPanel\\app\\Controllers\\Web\\Page.php', 103)
 2 SYSTEMPATH\CodeIgniter.php(933): App\Controllers\Web\Page->any('assets', 'themes', 'onebook', 'fonts', 'fa-regular-400.woff2')
 3 SYSTEMPATH\CodeIgniter.php(509): CodeIgniter\CodeIgniter->runController(Object(App\Controllers\Web\Page))
 4 SYSTEMPATH\CodeIgniter.php(355): CodeIgniter\CodeIgniter->handleRequest(null, Object(Config\Cache), false)
 5 SYSTEMPATH\Boot.php(325): CodeIgniter\CodeIgniter->run()
 6 SYSTEMPATH\Boot.php(67): CodeIgniter\Boot::runCodeIgniter(Object(CodeIgniter\CodeIgniter))
 7 FCPATH\index.php(56): CodeIgniter\Boot::bootWeb(Object(Config\Paths))
CRITICAL - 2024-08-01 00:49:26 --> ErrorException: Undefined variable $pageModel
[Method: GET, Route: assets/themes/onebook/fonts/fa-solid-900.woff]
in APPPATH\Controllers\Web\Page.php on line 103.
 1 APPPATH\Controllers\Web\Page.php(103): CodeIgniter\Debug\Exceptions->errorHandler(2, 'Undefined variable $pageModel', 'C:\\xampp\\htdocs\\MintaboPanel\\app\\Controllers\\Web\\Page.php', 103)
 2 SYSTEMPATH\CodeIgniter.php(933): App\Controllers\Web\Page->any('assets', 'themes', 'onebook', 'fonts', 'fa-solid-900.woff')
 3 SYSTEMPATH\CodeIgniter.php(509): CodeIgniter\CodeIgniter->runController(Object(App\Controllers\Web\Page))
 4 SYSTEMPATH\CodeIgniter.php(355): CodeIgniter\CodeIgniter->handleRequest(null, Object(Config\Cache), false)
 5 SYSTEMPATH\Boot.php(325): CodeIgniter\CodeIgniter->run()
 6 SYSTEMPATH\Boot.php(67): CodeIgniter\Boot::runCodeIgniter(Object(CodeIgniter\CodeIgniter))
 7 FCPATH\index.php(56): CodeIgniter\Boot::bootWeb(Object(Config\Paths))
CRITICAL - 2024-08-01 00:49:26 --> ErrorException: Undefined variable $pageModel
[Method: GET, Route: assets/themes/onebook/fonts/themify.ttf]
in APPPATH\Controllers\Web\Page.php on line 103.
 1 APPPATH\Controllers\Web\Page.php(103): CodeIgniter\Debug\Exceptions->errorHandler(2, 'Undefined variable $pageModel', 'C:\\xampp\\htdocs\\MintaboPanel\\app\\Controllers\\Web\\Page.php', 103)
 2 SYSTEMPATH\CodeIgniter.php(933): App\Controllers\Web\Page->any('assets', 'themes', 'onebook', 'fonts', 'themify.ttf')
 3 SYSTEMPATH\CodeIgniter.php(509): CodeIgniter\CodeIgniter->runController(Object(App\Controllers\Web\Page))
 4 SYSTEMPATH\CodeIgniter.php(355): CodeIgniter\CodeIgniter->handleRequest(null, Object(Config\Cache), false)
 5 SYSTEMPATH\Boot.php(325): CodeIgniter\CodeIgniter->run()
 6 SYSTEMPATH\Boot.php(67): CodeIgniter\Boot::runCodeIgniter(Object(CodeIgniter\CodeIgniter))
 7 FCPATH\index.php(56): CodeIgniter\Boot::bootWeb(Object(Config\Paths))
CRITICAL - 2024-08-01 00:49:26 --> ErrorException: Undefined variable $pageModel
[Method: GET, Route: assets/themes/onebook/fonts/fa-regular-400.woff]
in APPPATH\Controllers\Web\Page.php on line 103.
 1 APPPATH\Controllers\Web\Page.php(103): CodeIgniter\Debug\Exceptions->errorHandler(2, 'Undefined variable $pageModel', 'C:\\xampp\\htdocs\\MintaboPanel\\app\\Controllers\\Web\\Page.php', 103)
 2 SYSTEMPATH\CodeIgniter.php(933): App\Controllers\Web\Page->any('assets', 'themes', 'onebook', 'fonts', 'fa-regular-400.woff')
 3 SYSTEMPATH\CodeIgniter.php(509): CodeIgniter\CodeIgniter->runController(Object(App\Controllers\Web\Page))
 4 SYSTEMPATH\CodeIgniter.php(355): CodeIgniter\CodeIgniter->handleRequest(null, Object(Config\Cache), false)
 5 SYSTEMPATH\Boot.php(325): CodeIgniter\CodeIgniter->run()
 6 SYSTEMPATH\Boot.php(67): CodeIgniter\Boot::runCodeIgniter(Object(CodeIgniter\CodeIgniter))
 7 FCPATH\index.php(56): CodeIgniter\Boot::bootWeb(Object(Config\Paths))
CRITICAL - 2024-08-01 00:49:26 --> ErrorException: Undefined variable $pageModel
[Method: GET, Route: assets/themes/onebook/fonts/fa-solid-900.ttf]
in APPPATH\Controllers\Web\Page.php on line 103.
 1 APPPATH\Controllers\Web\Page.php(103): CodeIgniter\Debug\Exceptions->errorHandler(2, 'Undefined variable $pageModel', 'C:\\xampp\\htdocs\\MintaboPanel\\app\\Controllers\\Web\\Page.php', 103)
 2 SYSTEMPATH\CodeIgniter.php(933): App\Controllers\Web\Page->any('assets', 'themes', 'onebook', 'fonts', 'fa-solid-900.ttf')
 3 SYSTEMPATH\CodeIgniter.php(509): CodeIgniter\CodeIgniter->runController(Object(App\Controllers\Web\Page))
 4 SYSTEMPATH\CodeIgniter.php(355): CodeIgniter\CodeIgniter->handleRequest(null, Object(Config\Cache), false)
 5 SYSTEMPATH\Boot.php(325): CodeIgniter\CodeIgniter->run()
 6 SYSTEMPATH\Boot.php(67): CodeIgniter\Boot::runCodeIgniter(Object(CodeIgniter\CodeIgniter))
 7 FCPATH\index.php(56): CodeIgniter\Boot::bootWeb(Object(Config\Paths))
CRITICAL - 2024-08-01 00:49:26 --> ErrorException: Undefined variable $pageModel
[Method: GET, Route: assets/themes/onebook/fonts/fa-regular-400.ttf]
in APPPATH\Controllers\Web\Page.php on line 103.
 1 APPPATH\Controllers\Web\Page.php(103): CodeIgniter\Debug\Exceptions->errorHandler(2, 'Undefined variable $pageModel', 'C:\\xampp\\htdocs\\MintaboPanel\\app\\Controllers\\Web\\Page.php', 103)
 2 SYSTEMPATH\CodeIgniter.php(933): App\Controllers\Web\Page->any('assets', 'themes', 'onebook', 'fonts', 'fa-regular-400.ttf')
 3 SYSTEMPATH\CodeIgniter.php(509): CodeIgniter\CodeIgniter->runController(Object(App\Controllers\Web\Page))
 4 SYSTEMPATH\CodeIgniter.php(355): CodeIgniter\CodeIgniter->handleRequest(null, Object(Config\Cache), false)
 5 SYSTEMPATH\Boot.php(325): CodeIgniter\CodeIgniter->run()
 6 SYSTEMPATH\Boot.php(67): CodeIgniter\Boot::runCodeIgniter(Object(CodeIgniter\CodeIgniter))
 7 FCPATH\index.php(56): CodeIgniter\Boot::bootWeb(Object(Config\Paths))
CRITICAL - 2024-08-01 00:49:29 --> CodeIgniter\View\Exceptions\ViewException: Invalid file: "themes/onebook/pages/contact.php"
[Method: GET, Route: contact]
in SYSTEMPATH\Exceptions\FrameworkException.php on line 41.
 1 SYSTEMPATH\View\View.php(222): CodeIgniter\Exceptions\FrameworkException::forInvalidFile('themes/onebook/pages/contact.php')
 2 SYSTEMPATH\Common.php(1171): CodeIgniter\View\View->render('themes/onebook/pages/contact', [], true)
 3 APPPATH\Common.php(108): view('themes/onebook/pages/contact')
 4 APPPATH\Controllers\Web\Page.php(35): themeView('pages/contact')
 5 SYSTEMPATH\CodeIgniter.php(933): App\Controllers\Web\Page->contact()
 6 SYSTEMPATH\CodeIgniter.php(509): CodeIgniter\CodeIgniter->runController(Object(App\Controllers\Web\Page))
 7 SYSTEMPATH\CodeIgniter.php(355): CodeIgniter\CodeIgniter->handleRequest(null, Object(Config\Cache), false)
 8 SYSTEMPATH\Boot.php(325): CodeIgniter\CodeIgniter->run()
 9 SYSTEMPATH\Boot.php(67): CodeIgniter\Boot::runCodeIgniter(Object(CodeIgniter\CodeIgniter))
10 FCPATH\index.php(56): CodeIgniter\Boot::bootWeb(Object(Config\Paths))
CRITICAL - 2024-08-01 00:49:31 --> CodeIgniter\View\Exceptions\ViewException: Invalid file: "themes/onebook/pages/contact.php"
[Method: GET, Route: contact]
in SYSTEMPATH\Exceptions\FrameworkException.php on line 41.
 1 SYSTEMPATH\View\View.php(222): CodeIgniter\Exceptions\FrameworkException::forInvalidFile('themes/onebook/pages/contact.php')
 2 SYSTEMPATH\Common.php(1171): CodeIgniter\View\View->render('themes/onebook/pages/contact', [], true)
 3 APPPATH\Common.php(108): view('themes/onebook/pages/contact')
 4 APPPATH\Controllers\Web\Page.php(35): themeView('pages/contact')
 5 SYSTEMPATH\CodeIgniter.php(933): App\Controllers\Web\Page->contact()
 6 SYSTEMPATH\CodeIgniter.php(509): CodeIgniter\CodeIgniter->runController(Object(App\Controllers\Web\Page))
 7 SYSTEMPATH\CodeIgniter.php(355): CodeIgniter\CodeIgniter->handleRequest(null, Object(Config\Cache), false)
 8 SYSTEMPATH\Boot.php(325): CodeIgniter\CodeIgniter->run()
 9 SYSTEMPATH\Boot.php(67): CodeIgniter\Boot::runCodeIgniter(Object(CodeIgniter\CodeIgniter))
10 FCPATH\index.php(56): CodeIgniter\Boot::bootWeb(Object(Config\Paths))
CRITICAL - 2024-08-01 00:49:35 --> ErrorException: Undefined variable $pageModel
[Method: GET, Route: assets/themes/onebook/fonts/fa-solid-900.woff2]
in APPPATH\Controllers\Web\Page.php on line 103.
 1 APPPATH\Controllers\Web\Page.php(103): CodeIgniter\Debug\Exceptions->errorHandler(2, 'Undefined variable $pageModel', 'C:\\xampp\\htdocs\\MintaboPanel\\app\\Controllers\\Web\\Page.php', 103)
 2 SYSTEMPATH\CodeIgniter.php(933): App\Controllers\Web\Page->any('assets', 'themes', 'onebook', 'fonts', 'fa-solid-900.woff2')
 3 SYSTEMPATH\CodeIgniter.php(509): CodeIgniter\CodeIgniter->runController(Object(App\Controllers\Web\Page))
 4 SYSTEMPATH\CodeIgniter.php(355): CodeIgniter\CodeIgniter->handleRequest(null, Object(Config\Cache), false)
 5 SYSTEMPATH\Boot.php(325): CodeIgniter\CodeIgniter->run()
 6 SYSTEMPATH\Boot.php(67): CodeIgniter\Boot::runCodeIgniter(Object(CodeIgniter\CodeIgniter))
 7 FCPATH\index.php(56): CodeIgniter\Boot::bootWeb(Object(Config\Paths))
CRITICAL - 2024-08-01 00:49:35 --> ErrorException: Undefined variable $pageModel
[Method: GET, Route: assets/themes/onebook/fonts/themify.woff]
in APPPATH\Controllers\Web\Page.php on line 103.
 1 APPPATH\Controllers\Web\Page.php(103): CodeIgniter\Debug\Exceptions->errorHandler(2, 'Undefined variable $pageModel', 'C:\\xampp\\htdocs\\MintaboPanel\\app\\Controllers\\Web\\Page.php', 103)
 2 SYSTEMPATH\CodeIgniter.php(933): App\Controllers\Web\Page->any('assets', 'themes', 'onebook', 'fonts', 'themify.woff')
 3 SYSTEMPATH\CodeIgniter.php(509): CodeIgniter\CodeIgniter->runController(Object(App\Controllers\Web\Page))
 4 SYSTEMPATH\CodeIgniter.php(355): CodeIgniter\CodeIgniter->handleRequest(null, Object(Config\Cache), false)
 5 SYSTEMPATH\Boot.php(325): CodeIgniter\CodeIgniter->run()
 6 SYSTEMPATH\Boot.php(67): CodeIgniter\Boot::runCodeIgniter(Object(CodeIgniter\CodeIgniter))
 7 FCPATH\index.php(56): CodeIgniter\Boot::bootWeb(Object(Config\Paths))
CRITICAL - 2024-08-01 00:49:35 --> ErrorException: Undefined variable $pageModel
[Method: GET, Route: assets/themes/onebook/fonts/fa-regular-400.woff2]
in APPPATH\Controllers\Web\Page.php on line 103.
 1 APPPATH\Controllers\Web\Page.php(103): CodeIgniter\Debug\Exceptions->errorHandler(2, 'Undefined variable $pageModel', 'C:\\xampp\\htdocs\\MintaboPanel\\app\\Controllers\\Web\\Page.php', 103)
 2 SYSTEMPATH\CodeIgniter.php(933): App\Controllers\Web\Page->any('assets', 'themes', 'onebook', 'fonts', 'fa-regular-400.woff2')
 3 SYSTEMPATH\CodeIgniter.php(509): CodeIgniter\CodeIgniter->runController(Object(App\Controllers\Web\Page))
 4 SYSTEMPATH\CodeIgniter.php(355): CodeIgniter\CodeIgniter->handleRequest(null, Object(Config\Cache), false)
 5 SYSTEMPATH\Boot.php(325): CodeIgniter\CodeIgniter->run()
 6 SYSTEMPATH\Boot.php(67): CodeIgniter\Boot::runCodeIgniter(Object(CodeIgniter\CodeIgniter))
 7 FCPATH\index.php(56): CodeIgniter\Boot::bootWeb(Object(Config\Paths))
CRITICAL - 2024-08-01 00:49:35 --> ErrorException: Undefined variable $pageModel
[Method: GET, Route: assets/themes/onebook/fonts/fa-solid-900.woff]
in APPPATH\Controllers\Web\Page.php on line 103.
 1 APPPATH\Controllers\Web\Page.php(103): CodeIgniter\Debug\Exceptions->errorHandler(2, 'Undefined variable $pageModel', 'C:\\xampp\\htdocs\\MintaboPanel\\app\\Controllers\\Web\\Page.php', 103)
 2 SYSTEMPATH\CodeIgniter.php(933): App\Controllers\Web\Page->any('assets', 'themes', 'onebook', 'fonts', 'fa-solid-900.woff')
 3 SYSTEMPATH\CodeIgniter.php(509): CodeIgniter\CodeIgniter->runController(Object(App\Controllers\Web\Page))
 4 SYSTEMPATH\CodeIgniter.php(355): CodeIgniter\CodeIgniter->handleRequest(null, Object(Config\Cache), false)
 5 SYSTEMPATH\Boot.php(325): CodeIgniter\CodeIgniter->run()
 6 SYSTEMPATH\Boot.php(67): CodeIgniter\Boot::runCodeIgniter(Object(CodeIgniter\CodeIgniter))
 7 FCPATH\index.php(56): CodeIgniter\Boot::bootWeb(Object(Config\Paths))
CRITICAL - 2024-08-01 00:49:35 --> ErrorException: Undefined variable $pageModel
[Method: GET, Route: assets/themes/onebook/fonts/themify.ttf]
in APPPATH\Controllers\Web\Page.php on line 103.
 1 APPPATH\Controllers\Web\Page.php(103): CodeIgniter\Debug\Exceptions->errorHandler(2, 'Undefined variable $pageModel', 'C:\\xampp\\htdocs\\MintaboPanel\\app\\Controllers\\Web\\Page.php', 103)
 2 SYSTEMPATH\CodeIgniter.php(933): App\Controllers\Web\Page->any('assets', 'themes', 'onebook', 'fonts', 'themify.ttf')
 3 SYSTEMPATH\CodeIgniter.php(509): CodeIgniter\CodeIgniter->runController(Object(App\Controllers\Web\Page))
 4 SYSTEMPATH\CodeIgniter.php(355): CodeIgniter\CodeIgniter->handleRequest(null, Object(Config\Cache), false)
 5 SYSTEMPATH\Boot.php(325): CodeIgniter\CodeIgniter->run()
 6 SYSTEMPATH\Boot.php(67): CodeIgniter\Boot::runCodeIgniter(Object(CodeIgniter\CodeIgniter))
 7 FCPATH\index.php(56): CodeIgniter\Boot::bootWeb(Object(Config\Paths))
CRITICAL - 2024-08-01 00:49:35 --> ErrorException: Undefined variable $pageModel
[Method: GET, Route: assets/themes/onebook/fonts/fa-regular-400.woff]
in APPPATH\Controllers\Web\Page.php on line 103.
 1 APPPATH\Controllers\Web\Page.php(103): CodeIgniter\Debug\Exceptions->errorHandler(2, 'Undefined variable $pageModel', 'C:\\xampp\\htdocs\\MintaboPanel\\app\\Controllers\\Web\\Page.php', 103)
 2 SYSTEMPATH\CodeIgniter.php(933): App\Controllers\Web\Page->any('assets', 'themes', 'onebook', 'fonts', 'fa-regular-400.woff')
 3 SYSTEMPATH\CodeIgniter.php(509): CodeIgniter\CodeIgniter->runController(Object(App\Controllers\Web\Page))
 4 SYSTEMPATH\CodeIgniter.php(355): CodeIgniter\CodeIgniter->handleRequest(null, Object(Config\Cache), false)
 5 SYSTEMPATH\Boot.php(325): CodeIgniter\CodeIgniter->run()
 6 SYSTEMPATH\Boot.php(67): CodeIgniter\Boot::runCodeIgniter(Object(CodeIgniter\CodeIgniter))
 7 FCPATH\index.php(56): CodeIgniter\Boot::bootWeb(Object(Config\Paths))
CRITICAL - 2024-08-01 00:49:35 --> ErrorException: Undefined variable $pageModel
[Method: GET, Route: assets/themes/onebook/fonts/fa-solid-900.ttf]
in APPPATH\Controllers\Web\Page.php on line 103.
 1 APPPATH\Controllers\Web\Page.php(103): CodeIgniter\Debug\Exceptions->errorHandler(2, 'Undefined variable $pageModel', 'C:\\xampp\\htdocs\\MintaboPanel\\app\\Controllers\\Web\\Page.php', 103)
 2 SYSTEMPATH\CodeIgniter.php(933): App\Controllers\Web\Page->any('assets', 'themes', 'onebook', 'fonts', 'fa-solid-900.ttf')
 3 SYSTEMPATH\CodeIgniter.php(509): CodeIgniter\CodeIgniter->runController(Object(App\Controllers\Web\Page))
 4 SYSTEMPATH\CodeIgniter.php(355): CodeIgniter\CodeIgniter->handleRequest(null, Object(Config\Cache), false)
 5 SYSTEMPATH\Boot.php(325): CodeIgniter\CodeIgniter->run()
 6 SYSTEMPATH\Boot.php(67): CodeIgniter\Boot::runCodeIgniter(Object(CodeIgniter\CodeIgniter))
 7 FCPATH\index.php(56): CodeIgniter\Boot::bootWeb(Object(Config\Paths))
CRITICAL - 2024-08-01 00:49:36 --> ErrorException: Undefined variable $pageModel
[Method: GET, Route: assets/themes/onebook/fonts/fa-regular-400.ttf]
in APPPATH\Controllers\Web\Page.php on line 103.
 1 APPPATH\Controllers\Web\Page.php(103): CodeIgniter\Debug\Exceptions->errorHandler(2, 'Undefined variable $pageModel', 'C:\\xampp\\htdocs\\MintaboPanel\\app\\Controllers\\Web\\Page.php', 103)
 2 SYSTEMPATH\CodeIgniter.php(933): App\Controllers\Web\Page->any('assets', 'themes', 'onebook', 'fonts', 'fa-regular-400.ttf')
 3 SYSTEMPATH\CodeIgniter.php(509): CodeIgniter\CodeIgniter->runController(Object(App\Controllers\Web\Page))
 4 SYSTEMPATH\CodeIgniter.php(355): CodeIgniter\CodeIgniter->handleRequest(null, Object(Config\Cache), false)
 5 SYSTEMPATH\Boot.php(325): CodeIgniter\CodeIgniter->run()
 6 SYSTEMPATH\Boot.php(67): CodeIgniter\Boot::runCodeIgniter(Object(CodeIgniter\CodeIgniter))
 7 FCPATH\index.php(56): CodeIgniter\Boot::bootWeb(Object(Config\Paths))
